2025-07-25 23:15:44.979 [info] [main] Log level: Info
2025-07-25 23:15:44.979 [info] [main] Validating found git in: "git"
2025-07-25 23:15:44.979 [info] [main] Using git "2.49.0" from "git"
2025-07-25 23:15:44.979 [info] [Model][doInitialScan] Initial repository scan started
2025-07-25 23:15:44.979 [info] > git rev-parse --show-toplevel [8ms]
2025-07-25 23:15:44.979 [info] fatal: not a git repository (or any of the parent directories): .git
2025-07-25 23:15:44.980 [info] > git rev-parse --show-toplevel [1ms]
2025-07-25 23:15:44.980 [info] fatal: not a git repository (or any of the parent directories): .git
2025-07-25 23:15:44.980 [info] > git rev-parse --show-toplevel [1ms]
2025-07-25 23:15:44.980 [info] fatal: not a git repository (or any of the parent directories): .git
2025-07-25 23:15:44.980 [info] > git rev-parse --show-toplevel [1ms]
2025-07-25 23:15:44.980 [info] fatal: not a git repository (or any of the parent directories): .git
2025-07-25 23:15:44.980 [info] > git rev-parse --show-toplevel [1ms]
2025-07-25 23:15:44.980 [info] fatal: not a git repository (or any of the parent directories): .git
2025-07-25 23:15:44.980 [info] > git rev-parse --show-toplevel [1ms]
2025-07-25 23:15:44.980 [info] fatal: not a git repository (or any of the parent directories): .git
2025-07-25 23:15:44.980 [info] > git rev-parse --show-toplevel [1ms]
2025-07-25 23:15:44.980 [info] fatal: not a git repository (or any of the parent directories): .git
2025-07-25 23:15:44.980 [info] > git rev-parse --show-toplevel [1ms]
2025-07-25 23:15:44.980 [info] fatal: not a git repository (or any of the parent directories): .git
2025-07-25 23:15:44.980 [info] > git rev-parse --show-toplevel [1ms]
2025-07-25 23:15:44.980 [info] fatal: not a git repository (or any of the parent directories): .git
2025-07-25 23:15:44.980 [info] > git rev-parse --show-toplevel [1ms]
2025-07-25 23:15:44.980 [info] fatal: not a git repository (or any of the parent directories): .git
2025-07-25 23:15:44.980 [info] > git rev-parse --show-toplevel [1ms]
2025-07-25 23:15:44.980 [info] fatal: not a git repository (or any of the parent directories): .git
2025-07-25 23:15:44.980 [info] [Model][doInitialScan] Initial repository scan completed - repositories (0), closed repositories (0), parent repositories (0), unsafe repositories (0)
2025-07-25 23:15:46.287 [info] > git rev-parse --show-toplevel [1ms]
2025-07-25 23:15:46.287 [info] fatal: not a git repository (or any of the parent directories): .git
2025-07-25 23:15:46.641 [info] > git rev-parse --show-toplevel [1ms]
2025-07-25 23:15:46.641 [info] fatal: not a git repository (or any of the parent directories): .git
2025-07-25 23:16:00.255 [info] > git rev-parse --show-toplevel [1ms]
2025-07-25 23:16:00.255 [info] fatal: not a git repository (or any of the parent directories): .git
