2025-07-26 11:00:43.550 [info] [main] Log level: Info
2025-07-26 11:00:43.550 [info] [main] Validating found git in: "git"
2025-07-26 11:00:43.550 [info] [main] Using git "2.49.0" from "git"
2025-07-26 11:00:43.550 [info] [Model][doInitialScan] Initial repository scan started
2025-07-26 11:00:43.550 [info] > git rev-parse --show-toplevel [11ms]
2025-07-26 11:00:43.550 [info] fatal: not a git repository (or any of the parent directories): .git
2025-07-26 11:00:43.550 [info] > git rev-parse --show-toplevel [5ms]
2025-07-26 11:00:43.550 [info] fatal: not a git repository (or any of the parent directories): .git
2025-07-26 11:00:43.550 [info] > git rev-parse --show-toplevel [5ms]
2025-07-26 11:00:43.550 [info] fatal: not a git repository (or any of the parent directories): .git
2025-07-26 11:00:43.550 [info] > git rev-parse --show-toplevel [5ms]
2025-07-26 11:00:43.550 [info] fatal: not a git repository (or any of the parent directories): .git
2025-07-26 11:00:43.550 [info] > git rev-parse --show-toplevel [0ms]
2025-07-26 11:00:43.550 [info] fatal: not a git repository (or any of the parent directories): .git
2025-07-26 11:00:43.550 [info] > git rev-parse --show-toplevel [2ms]
2025-07-26 11:00:43.550 [info] fatal: not a git repository (or any of the parent directories): .git
2025-07-26 11:00:43.550 [info] > git rev-parse --show-toplevel [2ms]
2025-07-26 11:00:43.550 [info] fatal: not a git repository (or any of the parent directories): .git
2025-07-26 11:00:43.550 [info] > git rev-parse --show-toplevel [2ms]
2025-07-26 11:00:43.550 [info] fatal: not a git repository (or any of the parent directories): .git
2025-07-26 11:00:43.550 [info] > git rev-parse --show-toplevel [2ms]
2025-07-26 11:00:43.550 [info] fatal: not a git repository (or any of the parent directories): .git
2025-07-26 11:00:43.550 [info] > git rev-parse --show-toplevel [31ms]
2025-07-26 11:00:43.550 [info] fatal: not a git repository (or any of the parent directories): .git
2025-07-26 11:00:43.559 [info] > git rev-parse --show-toplevel [1ms]
2025-07-26 11:00:43.559 [info] fatal: not a git repository (or any of the parent directories): .git
2025-07-26 11:00:43.567 [info] > git rev-parse --show-toplevel [2ms]
2025-07-26 11:00:43.567 [info] fatal: not a git repository (or any of the parent directories): .git
2025-07-26 11:00:43.613 [info] > git rev-parse --show-toplevel [39ms]
2025-07-26 11:00:43.613 [info] fatal: not a git repository (or any of the parent directories): .git
2025-07-26 11:00:43.615 [info] [Model][doInitialScan] Initial repository scan completed - repositories (0), closed repositories (0), parent repositories (0), unsafe repositories (0)
2025-07-26 11:00:43.641 [info] > git rev-parse --show-toplevel [2ms]
2025-07-26 11:00:43.641 [info] fatal: not a git repository (or any of the parent directories): .git
2025-07-26 11:00:43.658 [info] > git rev-parse --show-toplevel [1ms]
2025-07-26 11:00:43.658 [info] fatal: not a git repository (or any of the parent directories): .git
2025-07-26 11:00:43.767 [info] > git rev-parse --show-toplevel [1ms]
2025-07-26 11:00:43.767 [info] fatal: not a git repository (or any of the parent directories): .git
2025-07-26 11:00:43.836 [info] > git rev-parse --show-toplevel [1ms]
2025-07-26 11:00:43.836 [info] fatal: not a git repository (or any of the parent directories): .git
2025-07-26 11:00:44.258 [info] > git rev-parse --show-toplevel [1ms]
2025-07-26 11:00:44.259 [info] fatal: not a git repository (or any of the parent directories): .git
2025-07-26 11:00:44.912 [info] > git rev-parse --show-toplevel [1ms]
2025-07-26 11:00:44.912 [info] fatal: not a git repository (or any of the parent directories): .git
