2025-07-26 11:08:10.631 [info] [main] Log level: Info
2025-07-26 11:08:10.631 [info] [main] Validating found git in: "git"
2025-07-26 11:08:10.631 [info] [main] Using git "2.49.0" from "git"
2025-07-26 11:08:10.631 [info] [Model][doInitialScan] Initial repository scan started
2025-07-26 11:08:10.631 [info] > git rev-parse --show-toplevel [6ms]
2025-07-26 11:08:10.631 [info] fatal: not a git repository (or any of the parent directories): .git
2025-07-26 11:08:10.631 [info] > git rev-parse --show-toplevel [1ms]
2025-07-26 11:08:10.631 [info] fatal: not a git repository (or any of the parent directories): .git
2025-07-26 11:08:10.631 [info] [Model][doInitialScan] Initial repository scan completed - repositories (0), closed repositories (0), parent repositories (0), unsafe repositories (0)
2025-07-26 11:08:10.631 [info] > git rev-parse --show-toplevel [1ms]
2025-07-26 11:08:10.631 [info] fatal: not a git repository (or any of the parent directories): .git
2025-07-26 11:08:10.876 [info] > git rev-parse --show-toplevel [2ms]
2025-07-26 11:08:10.876 [info] fatal: not a git repository (or any of the parent directories): .git
2025-07-26 11:08:10.931 [info] > git rev-parse --show-toplevel [1ms]
2025-07-26 11:08:10.931 [info] fatal: not a git repository (or any of the parent directories): .git
2025-07-26 11:08:11.991 [info] > git rev-parse --show-toplevel [1ms]
2025-07-26 11:08:11.991 [info] fatal: not a git repository (or any of the parent directories): .git
2025-07-26 11:08:36.521 [info] > git rev-parse --show-toplevel [1ms]
2025-07-26 11:08:36.521 [info] fatal: not a git repository (or any of the parent directories): .git
2025-07-26 11:17:47.615 [info] > git rev-parse --show-toplevel [1ms]
2025-07-26 11:17:47.615 [info] fatal: detected dubious ownership in repository at '/etc/nixos'
To add an exception for this directory, call:

	git config --global --add safe.directory /etc/nixos
2025-07-26 11:18:07.296 [info] > git rev-parse --show-toplevel [2ms]
2025-07-26 11:18:07.304 [info] > git rev-parse --git-dir --git-common-dir [1ms]
2025-07-26 11:18:07.319 [info] [Model][openRepository] Opened repository (path): /etc/nixos
2025-07-26 11:18:07.319 [info] [Model][openRepository] Opened repository (real path): /etc/nixos
2025-07-26 11:18:07.329 [info] > git config --get commit.template [2ms]
2025-07-26 11:18:07.338 [info] [Git][getRemotes] No remotes found in the git config file
2025-07-26 11:18:07.339 [info] > git for-each-ref --format=%(refname)%00%(upstream:short)%00%(objectname)%00%(upstream:track)%00%(upstream:remotename)%00%(upstream:remoteref) refs/heads/master refs/remotes/master [2ms]
2025-07-26 11:18:07.340 [warning] [Git][getBranch] No such branch: master
2025-07-26 11:18:07.360 [info] > git status -z -uall [10ms]
2025-07-26 11:18:07.360 [info] > git for-each-ref --sort -committerdate --format %(refname)%00%(objectname)%00%(*objectname) [3ms]
2025-07-26 11:18:07.389 [info] > git for-each-ref --format=%(refname)%00%(upstream:short)%00%(objectname)%00%(upstream:track)%00%(upstream:remotename)%00%(upstream:remoteref) refs/heads/master refs/remotes/master [11ms]
2025-07-26 11:18:07.389 [warning] [Git][getBranch] No such branch: master
2025-07-26 11:18:07.390 [error] [GitHistoryProvider][resolveHEADMergeBase] Failed to resolve merge base for master: Error: No such branch: master.
2025-07-26 11:18:07.392 [info] > git config --get commit.template [3ms]
2025-07-26 11:18:07.396 [info] [Git][getRemotes] No remotes found in the git config file
2025-07-26 11:18:07.403 [info] > git for-each-ref --format=%(refname)%00%(upstream:short)%00%(objectname)%00%(upstream:track)%00%(upstream:remotename)%00%(upstream:remoteref) refs/heads/master refs/remotes/master [1ms]
2025-07-26 11:18:07.403 [warning] [Git][getBranch] No such branch: master
2025-07-26 11:18:07.430 [info] > git status -z -uall [21ms]
2025-07-26 11:18:07.430 [info] > git for-each-ref --sort -committerdate --format %(refname)%00%(objectname)%00%(*objectname) [13ms]
2025-07-26 11:18:07.751 [info] > git show --textconv :modules/system.nix [5ms]
2025-07-26 11:18:07.764 [info] > git show --textconv HEAD:modules/system.nix [13ms]
2025-07-26 11:18:07.764 [info] > git ls-files --stage -- modules/system.nix [7ms]
2025-07-26 11:18:07.774 [info] > git cat-file -s 7da845c08ffe86b2f6231672aef300d03362b85a [5ms]
2025-07-26 11:18:07.775 [info] > git ls-tree -l HEAD -- modules/system.nix [12ms]
2025-07-26 11:18:07.775 [info] fatal: Not a valid object name HEAD
2025-07-26 11:18:07.783 [info] > git hash-object -t tree /dev/null [10ms]
2025-07-26 11:18:07.783 [warning] [GitFileSystemProvider][readFile] File not found - git:/etc/nixos/modules/system.nix.git?%7B%22path%22%3A%22%2Fetc%2Fnixos%2Fmodules%2Fsystem.nix%22%2C%22ref%22%3A%22HEAD%22%7D
2025-07-26 11:18:07.784 [info] > git hash-object -t tree /dev/null [2ms]
2025-07-26 11:18:07.784 [warning] [GitFileSystemProvider][stat] File not found - git:/etc/nixos/modules/system.nix.git?%7B%22path%22%3A%22%2Fetc%2Fnixos%2Fmodules%2Fsystem.nix%22%2C%22ref%22%3A%22HEAD%22%7D
2025-07-26 11:18:07.869 [info] > git check-ignore -v -z --stdin [2ms]
2025-07-26 11:18:37.374 [info] > git config --get commit.template [2ms]
2025-07-26 11:18:37.377 [info] [Git][getRemotes] No remotes found in the git config file
2025-07-26 11:18:37.378 [info] > git for-each-ref --format=%(refname)%00%(upstream:short)%00%(objectname)%00%(upstream:track)%00%(upstream:remotename)%00%(upstream:remoteref) refs/heads/master refs/remotes/master [1ms]
2025-07-26 11:18:37.378 [warning] [Git][getBranch] No such branch: master
2025-07-26 11:18:37.386 [info] > git status -z -uall [5ms]
2025-07-26 11:18:37.386 [info] > git for-each-ref --sort -committerdate --format %(refname)%00%(objectname)%00%(*objectname) [1ms]
2025-07-26 11:18:37.473 [info] > git ls-files --stage -- modules/system.nix [1ms]
2025-07-26 11:18:37.478 [info] > git cat-file -s 7da845c08ffe86b2f6231672aef300d03362b85a [1ms]
2025-07-26 11:18:37.484 [info] > git show --textconv :modules/system.nix [1ms]
